<?xml version="1.0" encoding="UTF-8"?>
<testng-results ignored="0" total="2" passed="2" failed="0" skipped="0">
  <reporter-output>
  </reporter-output>
  <suite started-at="2024-05-08T20:14:12 IST" name="Default suite" finished-at="2024-05-08T20:14:21 IST" duration-ms="9422">
    <groups>
    </groups>
    <test started-at="2024-05-08T20:14:12 IST" name="Default test" finished-at="2024-05-08T20:14:21 IST" duration-ms="9422">
      <class name="pages.Datahandler">
        <test-method is-config="true" signature="setup()[pri:0, instance:pages.Datahandler@4b45a2f5]" started-at="2024-05-08T20:14:12 IST" name="setup" finished-at="2024-05-08T20:14:16 IST" duration-ms="4338" status="PASS">
          <reporter-output>
          </reporter-output>
        </test-method> <!-- setup -->
        <test-method signature="values(java.lang.String,java.lang.String)[pri:0, instance:pages.Datahandler@4b45a2f5]" started-at="2024-05-08T20:14:16 IST" name="values" data-provider="input field" finished-at="2024-05-08T20:14:17 IST" duration-ms="457" status="PASS">
          <params>
            <param index="0">
              <value>
                <![CDATA[5]]>
              </value>
            </param>
            <param index="1">
              <value>
                <![CDATA[7]]>
              </value>
            </param>
          </params>
          <reporter-output>
          </reporter-output>
        </test-method> <!-- values -->
        <test-method is-config="true" signature="setup()[pri:0, instance:pages.Datahandler@4b45a2f5]" started-at="2024-05-08T20:14:17 IST" name="setup" finished-at="2024-05-08T20:14:21 IST" duration-ms="4091" status="PASS">
          <reporter-output>
          </reporter-output>
        </test-method> <!-- setup -->
        <test-method signature="values(java.lang.String,java.lang.String)[pri:0, instance:pages.Datahandler@4b45a2f5]" started-at="2024-05-08T20:14:21 IST" name="values" data-provider="input field" finished-at="2024-05-08T20:14:21 IST" duration-ms="460" status="PASS">
          <params>
            <param index="0">
              <value>
                <![CDATA[6]]>
              </value>
            </param>
            <param index="1">
              <value>
                <![CDATA[8]]>
              </value>
            </param>
          </params>
          <reporter-output>
          </reporter-output>
        </test-method> <!-- values -->
      </class> <!-- pages.Datahandler -->
    </test> <!-- Default test -->
  </suite> <!-- Default suite -->
</testng-results>
